<?xml version="1.0" encoding="UTF-8"?>
<!-- Generated by org.testng.reporters.JUnitReportReporter -->
<testsuite hostname="LAPTOP-5A1OFO08" failures="0" tests="1" name="PS1" time="0.013" errors="0" timestamp="2023-04-09T18:21:51 IST" skipped="0">
  <testcase classname="PS1" name="testRun" time="0.013"/>
  <system-out/>
</testsuite> <!-- PS1 -->
